2019-01-17 11:57:45,866 [Worker-4] INFO  o.e.m.c.i.l.LifecycleMappingFactory - Using org.eclipse.m2e.jdt.JarLifecycleMapping lifecycle mapping for MavenProject: Automation:VatEngine:0.0.1-SNAPSHOT @ C:\Users\shubham.shahapurkar\Documents\GitHub\VAT-EngineExpert-TestAutomation\VatEngine\pom.xml.
2019-01-17 11:57:45,866 [Worker-20] INFO  o.e.m.c.i.l.LifecycleMappingFactory - Using org.eclipse.m2e.jdt.JarLifecycleMapping lifecycle mapping for MavenProject: Automation:VatEngine:0.0.1-SNAPSHOT @ C:\Users\shubham.shahapurkar\Documents\GitHub\VAT-EngineExpert-TestAutomation\VatEngine\pom.xml.
2019-01-17 11:57:50,801 [Worker-4] INFO  o.e.m.c.i.embedder.EclipseLogger - Using 'UTF-8' encoding to copy filtered resources.
2019-01-17 11:57:50,801 [Worker-4] INFO  o.e.m.c.i.embedder.EclipseLogger - skip non existing resourceDirectory C:\Users\shubham.shahapurkar\Documents\GitHub\VAT-EngineExpert-TestAutomation\VatEngine\src\main\resources
2019-01-17 11:57:50,804 [Worker-4] INFO  o.e.m.c.i.embedder.EclipseLogger - Using 'UTF-8' encoding to copy filtered resources.
2019-01-17 11:57:50,812 [Worker-4] INFO  o.e.m.c.i.embedder.EclipseLogger - Copying 17 resources
2019-01-17 11:57:52,740 [Worker-7] INFO  o.e.m.c.i.l.LifecycleMappingFactory - Using org.eclipse.m2e.jdt.JarLifecycleMapping lifecycle mapping for MavenProject: Automation:VatEngine:0.0.1-SNAPSHOT @ C:\Users\shubham.shahapurkar\Documents\GitHub\VAT-EngineExpert-TestAutomation\VatEngine\pom.xml.
2019-01-17 11:57:53,812 [Worker-21] INFO  o.e.m.c.i.embedder.EclipseLogger - Using 'UTF-8' encoding to copy filtered resources.
2019-01-17 11:57:53,813 [Worker-21] INFO  o.e.m.c.i.embedder.EclipseLogger - skip non existing resourceDirectory C:\Users\shubham.shahapurkar\Documents\GitHub\VAT-EngineExpert-TestAutomation\VatEngine\src\main\resources
2019-01-17 11:57:53,814 [Worker-21] INFO  o.e.m.c.i.embedder.EclipseLogger - Using 'UTF-8' encoding to copy filtered resources.
2019-01-17 11:57:53,819 [Worker-21] INFO  o.e.m.c.i.embedder.EclipseLogger - Copying 17 resources
2019-01-17 11:57:55,538 [Worker-0] INFO  o.e.m.c.i.embedder.EclipseLogger - Using 'UTF-8' encoding to copy filtered resources.
2019-01-17 11:57:55,538 [Worker-0] INFO  o.e.m.c.i.embedder.EclipseLogger - skip non existing resourceDirectory C:\Users\shubham.shahapurkar\Documents\GitHub\VAT-EngineExpert-TestAutomation\VatEngine\src\main\resources
2019-01-17 11:57:55,539 [Worker-0] INFO  o.e.m.c.i.embedder.EclipseLogger - Using 'UTF-8' encoding to copy filtered resources.
2019-01-17 11:57:55,540 [Worker-0] INFO  o.e.m.c.i.embedder.EclipseLogger - Copying 0 resource
2019-01-17 11:58:17,339 [Worker-5] INFO  o.e.m.c.i.embedder.EclipseLogger - Using 'UTF-8' encoding to copy filtered resources.
2019-01-17 11:58:17,343 [Worker-5] INFO  o.e.m.c.i.embedder.EclipseLogger - skip non existing resourceDirectory C:\Users\shubham.shahapurkar\Documents\GitHub\VAT-EngineExpert-TestAutomation\VatEngine\src\main\resources
2019-01-17 11:58:17,344 [Worker-5] INFO  o.e.m.c.i.embedder.EclipseLogger - Using 'UTF-8' encoding to copy filtered resources.
2019-01-17 11:58:17,345 [Worker-5] INFO  o.e.m.c.i.embedder.EclipseLogger - Copying 0 resource
2019-01-17 12:01:22,769 [Worker-20] INFO  o.e.m.c.i.embedder.EclipseLogger - Using 'UTF-8' encoding to copy filtered resources.
2019-01-17 12:01:22,776 [Worker-20] INFO  o.e.m.c.i.embedder.EclipseLogger - skip non existing resourceDirectory C:\Users\shubham.shahapurkar\Documents\GitHub\VAT-EngineExpert-TestAutomation\VatEngine\src\main\resources
2019-01-17 12:01:22,784 [Worker-20] INFO  o.e.m.c.i.embedder.EclipseLogger - Using 'UTF-8' encoding to copy filtered resources.
2019-01-17 12:01:22,791 [Worker-20] INFO  o.e.m.c.i.embedder.EclipseLogger - Copying 17 resources
2019-01-17 12:01:23,823 [Worker-5] INFO  o.e.m.c.i.embedder.EclipseLogger - Using 'UTF-8' encoding to copy filtered resources.
2019-01-17 12:01:23,824 [Worker-5] INFO  o.e.m.c.i.embedder.EclipseLogger - skip non existing resourceDirectory C:\Users\shubham.shahapurkar\Documents\GitHub\VAT-EngineExpert-TestAutomation\VatEngine\src\main\resources
2019-01-17 12:01:23,842 [Worker-5] INFO  o.e.m.c.i.embedder.EclipseLogger - Using 'UTF-8' encoding to copy filtered resources.
2019-01-17 12:01:23,867 [Worker-5] INFO  o.e.m.c.i.embedder.EclipseLogger - Copying 17 resources
2019-01-17 12:02:37,191 [Worker-12] INFO  o.e.m.c.i.embedder.EclipseLogger - Using 'UTF-8' encoding to copy filtered resources.
2019-01-17 12:02:37,197 [Worker-12] INFO  o.e.m.c.i.embedder.EclipseLogger - skip non existing resourceDirectory C:\Users\shubham.shahapurkar\Documents\GitHub\VAT-EngineExpert-TestAutomation\VatEngine\src\main\resources
2019-01-17 12:02:37,203 [Worker-12] INFO  o.e.m.c.i.embedder.EclipseLogger - Using 'UTF-8' encoding to copy filtered resources.
2019-01-17 12:02:37,209 [Worker-12] INFO  o.e.m.c.i.embedder.EclipseLogger - Copying 17 resources
2019-01-17 16:26:34,436 [Worker-4] INFO  o.e.m.c.i.l.LifecycleMappingFactory - Using org.eclipse.m2e.jdt.JarLifecycleMapping lifecycle mapping for MavenProject: Automation:VatEngine:0.0.1-SNAPSHOT @ C:\Users\shubham.shahapurkar\Documents\GitHub\VAT-EngineExpert-TestAutomation\VatEngine\pom.xml.
2019-01-17 16:26:34,756 [Worker-3] INFO  o.e.m.c.i.l.LifecycleMappingFactory - Using org.eclipse.m2e.jdt.JarLifecycleMapping lifecycle mapping for MavenProject: Automation:VatEngine:0.0.1-SNAPSHOT @ C:\Users\shubham.shahapurkar\Documents\GitHub\VAT-EngineExpert-TestAutomation\VatEngine\pom.xml.
2019-01-17 16:26:37,204 [Worker-3] INFO  o.e.m.c.i.embedder.EclipseLogger - Using 'UTF-8' encoding to copy filtered resources.
2019-01-17 16:26:37,204 [Worker-3] INFO  o.e.m.c.i.embedder.EclipseLogger - skip non existing resourceDirectory C:\Users\shubham.shahapurkar\Documents\GitHub\VAT-EngineExpert-TestAutomation\VatEngine\src\main\resources
2019-01-17 16:26:37,206 [Worker-3] INFO  o.e.m.c.i.embedder.EclipseLogger - Using 'UTF-8' encoding to copy filtered resources.
2019-01-17 16:26:37,211 [Worker-3] INFO  o.e.m.c.i.embedder.EclipseLogger - Copying 17 resources
2019-01-17 16:26:39,133 [Worker-11] INFO  o.e.m.c.i.l.LifecycleMappingFactory - Using org.eclipse.m2e.jdt.JarLifecycleMapping lifecycle mapping for MavenProject: Automation:VatEngine:0.0.1-SNAPSHOT @ C:\Users\shubham.shahapurkar\Documents\GitHub\VAT-EngineExpert-TestAutomation\VatEngine\pom.xml.
2019-01-17 16:26:40,411 [Worker-10] INFO  o.e.m.c.i.embedder.EclipseLogger - Using 'UTF-8' encoding to copy filtered resources.
2019-01-17 16:26:40,412 [Worker-10] INFO  o.e.m.c.i.embedder.EclipseLogger - skip non existing resourceDirectory C:\Users\shubham.shahapurkar\Documents\GitHub\VAT-EngineExpert-TestAutomation\VatEngine\src\main\resources
2019-01-17 16:26:40,414 [Worker-10] INFO  o.e.m.c.i.embedder.EclipseLogger - Using 'UTF-8' encoding to copy filtered resources.
2019-01-17 16:26:40,416 [Worker-10] INFO  o.e.m.c.i.embedder.EclipseLogger - Copying 0 resource
2019-01-17 16:27:52,859 [Worker-11] INFO  o.e.m.c.i.embedder.EclipseLogger - Using 'UTF-8' encoding to copy filtered resources.
2019-01-17 16:27:52,859 [Worker-11] INFO  o.e.m.c.i.embedder.EclipseLogger - skip non existing resourceDirectory C:\Users\shubham.shahapurkar\Documents\GitHub\VAT-EngineExpert-TestAutomation\VatEngine\src\main\resources
2019-01-17 16:27:52,860 [Worker-11] INFO  o.e.m.c.i.embedder.EclipseLogger - Using 'UTF-8' encoding to copy filtered resources.
2019-01-17 16:27:52,862 [Worker-11] INFO  o.e.m.c.i.embedder.EclipseLogger - Copying 17 resources
2019-01-17 16:28:04,507 [Worker-18] INFO  o.e.m.c.i.embedder.EclipseLogger - Using 'UTF-8' encoding to copy filtered resources.
2019-01-17 16:28:04,507 [Worker-18] INFO  o.e.m.c.i.embedder.EclipseLogger - skip non existing resourceDirectory C:\Users\shubham.shahapurkar\Documents\GitHub\VAT-EngineExpert-TestAutomation\VatEngine\src\main\resources
2019-01-17 16:28:04,508 [Worker-18] INFO  o.e.m.c.i.embedder.EclipseLogger - Using 'UTF-8' encoding to copy filtered resources.
2019-01-17 16:28:04,511 [Worker-18] INFO  o.e.m.c.i.embedder.EclipseLogger - Copying 17 resources
